<?xml version="1.0" encoding="UTF-8"?>
<!-- Generated by org.testng.reporters.JUnitXMLReporter -->
<testsuite hostname="IN5CG6434YRX" ignored="0" name="Command line test" tests="7" failures="0" timestamp="14 Apr 2019 10:12:34 GMT" time="0.131" errors="0">
  <testcase name="HybidAppTest" time="0.026" classname="qaclickacademy.AppiumTest"/>
  <testcase name="NativeAppTest" time="0.001" classname="qaclickacademy.AppiumTest"/>
  <testcase name="WebAppTest" time="0.0" classname="qaclickacademy.AppiumTest"/>
  <testcase name="RestApiTest" time="0.0" classname="qaclickacademy.RESTAPITest"/>
  <testcase name="SoapuiTest" time="0.0" classname="qaclickacademy.RESTAPITest"/>
  <testcase name="BrowserCloseTest" time="0.0" classname="qaclickacademy.SeleniumTest"/>
  <testcase name="BrowserLaunchTest" time="0.001" classname="qaclickacademy.SeleniumTest"/>
</testsuite> <!-- Command line test -->
